\BOOKMARK [1][-]{section.1}{Einleitung}{}% 1
\BOOKMARK [1][-]{section.2}{Teleskope}{}% 2
\BOOKMARK [2][-]{subsection.2.1}{Aufgabe 1}{section.2}% 3
\BOOKMARK [2][-]{subsection.2.2}{Aufgabe 2}{section.2}% 4
\BOOKMARK [1][-]{section.3}{Abbildungsmassstab}{}% 5
\BOOKMARK [2][-]{subsection.3.1}{Aufgabe 1}{section.3}% 6
\BOOKMARK [2][-]{subsection.3.2}{Aufgabe 2}{section.3}% 7
\BOOKMARK [2][-]{subsection.3.3}{Aufgabe 3}{section.3}% 8
\BOOKMARK [2][-]{subsection.3.4}{Aufgabe 4}{section.3}% 9
\BOOKMARK [2][-]{subsection.3.5}{Aufgabe 5}{section.3}% 10
\BOOKMARK [2][-]{subsection.3.6}{Aufgabe 6}{section.3}% 11
\BOOKMARK [1][-]{section.4}{Abbildungsg\374te}{}% 12
\BOOKMARK [2][-]{subsection.4.1}{Aufgabe 1a}{section.4}% 13
\BOOKMARK [2][-]{subsection.4.2}{Aufgabe 1b}{section.4}% 14
\BOOKMARK [2][-]{subsection.4.3}{Aufgabe 2}{section.4}% 15
\BOOKMARK [1][-]{section.5}{Astrometrie: der Schnelll\344ufer BD +18\260 2776}{}% 16
\BOOKMARK [2][-]{subsection.5.1}{Aufgabe 1}{section.5}% 17
\BOOKMARK [2][-]{subsection.5.2}{Aufgabe 2}{section.5}% 18
\BOOKMARK [2][-]{subsection.5.3}{Aufgabe 3}{section.5}% 19
\BOOKMARK [2][-]{subsection.5.4}{Aufgabe 4}{section.5}% 20
\BOOKMARK [2][-]{subsection.5.5}{Aufgabe 5}{section.5}% 21
\BOOKMARK [1][-]{section.6}{Diskussion}{}% 22
\BOOKMARK [1][-]{section.7}{Quellen}{}% 23
